<?xml version="1.0" encoding="UTF-8"?>
<!-- Generated by org.testng.reporters.JUnitReportReporter -->
<testsuite skipped="0" hostname="DESKTOP-MBCOM89" name="test.AddCustomerTest" tests="1" failures="0" timestamp="2020-07-23T19:59:23 CDT" time="15.508" errors="0">
  <testcase name="ValidUserShouldBeAddCustomer" time="15.508" classname="test.AddCustomerTest"/>
  <system-out/>
</testsuite> <!-- test.AddCustomerTest -->
